#
# There is insufficient memory for the Java Runtime Environment to continue.
# Native memory allocation (mmap) failed to map 266338304 bytes. Error detail: G1 virtual space
# Possible reasons:
#   The system is out of physical RAM or swap space
#   This process is running with CompressedOops enabled, and the Java Heap may be blocking the growth of the native heap
# Possible solutions:
#   Reduce memory load on the system
#   Increase physical memory or swap space
#   Check if swap backing store is full
#   Decrease Java heap size (-Xmx/-Xms)
#   Decrease number of Java threads
#   Decrease Java thread stack sizes (-Xss)
#   Set larger code cache with -XX:ReservedCodeCacheSize=
#   JVM is running with Zero Based Compressed Oops mode in which the Java heap is
#     placed in the first 32GB address space. The Java Heap base address is the
#     maximum limit for the native heap growth. Please use -XX:HeapBaseMinAddress
#     to set the Java Heap base and to place the Java Heap above 32GB virtual address.
# This output file may be truncated or incomplete.
#
#  Out of Memory Error (os_windows.cpp:3707), pid=13372, tid=19056
#
# JRE version:  (23.0.2+7) (build )
# Java VM: OpenJDK 64-Bit Server VM (23.0.2+7-58, mixed mode, sharing, tiered, compressed oops, compressed class ptrs, g1 gc, windows-amd64)
# No core dump will be written. Minidumps are not enabled by default on client versions of Windows
#

---------------  S U M M A R Y ------------

Command Line: -javaagent:C:\Program Files\JetBrains\IntelliJ IDEA 2024.3.3\lib\idea_rt.jar=63054 -Dfile.encoding=UTF-8 -Dsun.stdout.encoding=UTF-8 -Dsun.stderr.encoding=UTF-8 Main

Host: Intel(R) Core(TM) i5-9300H CPU @ 2.40GHz, 8 cores, 15G,  Windows 11 , 64 bit Build 26100 (10.0.26100.3775)
Time: Sat Apr 26 18:43:53 2025 Stredoeurópsky 4 bit Build 26100 (10.0.26100.3775) elapsed time: 0.761141 seconds (0d 0h 0m 0s)

---------------  T H R E A D  ---------------

Current thread (0x0000024e14337660):  JavaThread "Unknown thread" [_thread_in_vm, id=19056, stack(0x000000c9ea400000,0x000000c9ea500000) (1024K)]

Stack: [0x000000c9ea400000,0x000000c9ea500000]
Native frames: (J=compiled Java code, j=interpreted, Vv=VM code, C=native code)
V  [jvm.dll+0x6e0b99]  (no source info available)
V  [jvm.dll+0x87e2b3]  (no source info available)
V  [jvm.dll+0x88073e]  (no source info available)
V  [jvm.dll+0x880e13]  (no source info available)
V  [jvm.dll+0x27b006]  (no source info available)
V  [jvm.dll+0x6dd485]  (no source info available)
V  [jvm.dll+0x6d127a]  (no source info available)
V  [jvm.dll+0x35b50a]  (no source info available)
V  [jvm.dll+0x363916]  (no source info available)
V  [jvm.dll+0x34fe7e]  (no source info available)
V  [jvm.dll+0x350118]  (no source info available)
V  [jvm.dll+0x328aec]  (no source info available)
V  [jvm.dll+0x32978e]  (no source info available)
V  [jvm.dll+0x8449a5]  (no source info available)
V  [jvm.dll+0x3b9a08]  (no source info available)
V  [jvm.dll+0x82d68c]  (no source info available)
V  [jvm.dll+0x454f2e]  (no source info available)
V  [jvm.dll+0x456db1]  (no source info available)
C  [jli.dll+0x52a3]  (no source info available)
C  [ucrtbase.dll+0x37b0]  (no source info available)
C  [KERNEL32.DLL+0x2e8d7]  (no source info available)
C  [ntdll.dll+0xb14fc]  (no source info available)

Lock stack of current Java thread (top to bottom):


---------------  P R O C E S S  ---------------

Threads class SMR info:
_java_thread_list=0x00007ff9a4564618, length=0, elements={
}

Java Threads: ( => current thread )
Total: 0

Other Threads:
  0x0000024e1439f6c0 WorkerThread "GC Thread#0"                     [id=19908, stack(0x000000c9ea500000,0x000000c9ea600000) (1024K)]
  0x0000024e143b5320 ConcurrentGCThread "G1 Main Marker"            [id=7608, stack(0x000000c9ea600000,0x000000c9ea700000) (1024K)]
  0x0000024e143b65d0 WorkerThread "G1 Conc#0"                       [id=2476, stack(0x000000c9ea700000,0x000000c9ea800000) (1024K)]

[error occurred during error reporting (printing all threads), id 0xc0000005, EXCEPTION_ACCESS_VIOLATION (0xc0000005) at pc=0x00007ff9a3cac0da]
VM state: not at safepoint (not fully initialized)

VM Mutex/Monitor currently owned by a thread:  ([mutex/lock_event])
[0x00007ff9a45e4988] Heap_lock - owner thread: 0x0000024e14337660

Heap address: 0x0000000702600000, size: 4058 MB, Compressed Oops mode: Zero based, Oop shift amount: 3

CDS archive(s) mapped at: [0x0000000000000000-0x0000000000000000-0x0000000000000000), size 0, SharedBaseAddress: 0x0000000800000000, ArchiveRelocationMode: 1.
Narrow klass base: 0x0000000000000000, Narrow klass shift: 0, Narrow klass range: 0x0

GC Precious Log:
 CardTable entry size: 512
 Card Set container configuration: InlinePtr #cards 4 size 8 Array Of Cards #cards 16 size 48 Howl #buckets 8 coarsen threshold 3686 Howl Bitmap #cards 512 size 80 coarsen threshold 460 Card regions per heap region 1 cards per card region 4096

Heap:
 garbage-first heap   total reserved 4155392K, committed 0K, used 0K [0x0000000702600000, 0x0000000800000000)
  region size 2048K, 0 young (0K), 0 survivors (0K)

[error occurred during error reporting (printing heap information), id 0xc0000005, EXCEPTION_ACCESS_VIOLATION (0xc0000005) at pc=0x00007ff9a40ac6a9]
GC Heap History (0 events):
No events

Dll operation events (1 events):
Event: 0.018 Loaded shared library C:\Users\vlsku\.jdks\openjdk-23.0.2\bin\java.dll

Deoptimization events (0 events):
No events

Classes loaded (0 events):
No events

Classes unloaded (0 events):
No events

Classes redefined (0 events):
No events

Internal exceptions (0 events):
No events

VM Operations (0 events):
No events

Memory protections (0 events):
No events

Nmethod flushes (0 events):
No events

Events (0 events):
No events


Dynamic libraries:
0x00007ff63b5a0000 - 0x00007ff63b5ae000 	C:\Users\vlsku\.jdks\openjdk-23.0.2\bin\java.exe
0x00007ffa0f020000 - 0x00007ffa0f280000 	C:\WINDOWS\SYSTEM32\ntdll.dll
0x00007ffa0d6e0000 - 0x00007ffa0d7a7000 	C:\WINDOWS\System32\KERNEL32.DLL
0x00007ffa0c9c0000 - 0x00007ffa0cd8a000 	C:\WINDOWS\System32\KERNELBASE.dll
0x00007ffa0c7b0000 - 0x00007ffa0c8fb000 	C:\WINDOWS\System32\ucrtbase.dll
0x00007ffa057d0000 - 0x00007ffa057eb000 	C:\Users\vlsku\.jdks\openjdk-23.0.2\bin\VCRUNTIME140.dll
0x00007ffa05fa0000 - 0x00007ffa05fb7000 	C:\Users\vlsku\.jdks\openjdk-23.0.2\bin\jli.dll
0x00007ffa0d200000 - 0x00007ffa0d3cc000 	C:\WINDOWS\System32\USER32.dll
0x00007ffa0c3f0000 - 0x00007ffa0c417000 	C:\WINDOWS\System32\win32u.dll
0x00007ff9f0d80000 - 0x00007ff9f1017000 	C:\WINDOWS\WinSxS\amd64_microsoft.windows.common-controls_6595b64144ccf1df_6.0.26100.3624_none_3e086962e3345f24\COMCTL32.dll
0x00007ffa0e830000 - 0x00007ffa0e8d9000 	C:\WINDOWS\System32\msvcrt.dll
0x00007ffa0ea40000 - 0x00007ffa0ea6a000 	C:\WINDOWS\System32\GDI32.dll
0x00007ffa0c200000 - 0x00007ffa0c331000 	C:\WINDOWS\System32\gdi32full.dll
0x00007ffa0c340000 - 0x00007ffa0c3e3000 	C:\WINDOWS\System32\msvcp_win.dll
0x00007ffa0d3e0000 - 0x00007ffa0d40f000 	C:\WINDOWS\System32\IMM32.DLL
0x00007ffa06680000 - 0x00007ffa0668c000 	C:\Users\vlsku\.jdks\openjdk-23.0.2\bin\vcruntime140_1.dll
0x00007ffa046b0000 - 0x00007ffa0473e000 	C:\Users\vlsku\.jdks\openjdk-23.0.2\bin\msvcp140.dll
0x00007ff9a3970000 - 0x00007ff9a46c0000 	C:\Users\vlsku\.jdks\openjdk-23.0.2\bin\server\jvm.dll
0x00007ffa0d140000 - 0x00007ffa0d1f2000 	C:\WINDOWS\System32\ADVAPI32.dll
0x00007ffa0d7c0000 - 0x00007ffa0d866000 	C:\WINDOWS\System32\sechost.dll
0x00007ffa0d870000 - 0x00007ffa0d986000 	C:\WINDOWS\System32\RPCRT4.dll
0x00007ffa0db40000 - 0x00007ffa0dbb4000 	C:\WINDOWS\System32\WS2_32.dll
0x00007ffa0b0c0000 - 0x00007ffa0b11e000 	C:\WINDOWS\SYSTEM32\POWRPROF.dll
0x00007ff9fccb0000 - 0x00007ff9fcce6000 	C:\WINDOWS\SYSTEM32\WINMM.dll
0x00007ffa05090000 - 0x00007ffa0509b000 	C:\WINDOWS\SYSTEM32\VERSION.dll
0x00007ffa0b0a0000 - 0x00007ffa0b0b4000 	C:\WINDOWS\SYSTEM32\UMPDC.dll
0x00007ffa0b130000 - 0x00007ffa0b14a000 	C:\WINDOWS\SYSTEM32\kernel.appcore.dll
0x00007ffa05aa0000 - 0x00007ffa05aaa000 	C:\Users\vlsku\.jdks\openjdk-23.0.2\bin\jimage.dll
0x00007ffa099f0000 - 0x00007ffa09c31000 	C:\WINDOWS\SYSTEM32\DBGHELP.DLL
0x00007ffa0ec50000 - 0x00007ffa0efd2000 	C:\WINDOWS\System32\combase.dll
0x00007ffa0e960000 - 0x00007ffa0ea36000 	C:\WINDOWS\System32\OLEAUT32.dll
0x00007ff9dd580000 - 0x00007ff9dd5b9000 	C:\WINDOWS\SYSTEM32\dbgcore.DLL
0x00007ffa0c420000 - 0x00007ffa0c4b9000 	C:\WINDOWS\System32\bcryptPrimitives.dll
0x00007ffa047d0000 - 0x00007ffa047df000 	C:\Users\vlsku\.jdks\openjdk-23.0.2\bin\instrument.dll
0x00007ffa054a0000 - 0x00007ffa054be000 	C:\Users\vlsku\.jdks\openjdk-23.0.2\bin\java.dll
0x00007ffa0d520000 - 0x00007ffa0d6b6000 	C:\WINDOWS\System32\ole32.dll
0x00007ffa0e100000 - 0x00007ffa0e829000 	C:\WINDOWS\System32\SHELL32.dll
0x00007ffa0c640000 - 0x00007ffa0c7a8000 	C:\WINDOWS\System32\wintypes.dll

dbghelp: loaded successfully - version: 4.0.5 - missing functions: none
symbol engine: initialized successfully - sym options: 0x614 - pdb path: .;C:\Users\vlsku\.jdks\openjdk-23.0.2\bin;C:\WINDOWS\SYSTEM32;C:\WINDOWS\WinSxS\amd64_microsoft.windows.common-controls_6595b64144ccf1df_6.0.26100.3624_none_3e086962e3345f24;C:\Users\vlsku\.jdks\openjdk-23.0.2\bin\server

VM Arguments:
jvm_args: -javaagent:C:\Program Files\JetBrains\IntelliJ IDEA 2024.3.3\lib\idea_rt.jar=63054 -Dfile.encoding=UTF-8 -Dsun.stdout.encoding=UTF-8 -Dsun.stderr.encoding=UTF-8 
java_command: Main
java_class_path (initial): C:\Users\vlsku\OneDrive\Desktop\VladimírSkuhra\INF2\DU3_SkuhraVladimir\DomacaUloha_3.SkuhraVladimir\out\production\DomacaUloha_3.SkuhraVladimir;C:\Users\vlsku\OneDrive\Desktop\VladimírSkuhra\INF2\DU3_SkuhraVladimir\shapesGE-SK-2.0.4(1).jar
Launcher Type: SUN_STANDARD

[Global flags]
     intx CICompilerCount                          = 4                                         {product} {ergonomic}
     uint ConcGCThreads                            = 2                                         {product} {ergonomic}
     uint G1ConcRefinementThreads                  = 8                                         {product} {ergonomic}
   size_t G1HeapRegionSize                         = 2097152                                   {product} {ergonomic}
   size_t InitialHeapSize                          = 266338304                                 {product} {ergonomic}
   size_t MarkStackSize                            = 4194304                                   {product} {ergonomic}
   size_t MarkStackSizeMax                         = 536870912                                 {product} {ergonomic}
   size_t MaxHeapSize                              = 4255121408                                {product} {ergonomic}
   size_t MinHeapDeltaBytes                        = 2097152                                   {product} {ergonomic}
   size_t MinHeapSize                              = 8388608                                   {product} {ergonomic}
    uintx NonNMethodCodeHeapSize                   = 5832704                                {pd product} {ergonomic}
    uintx NonProfiledCodeHeapSize                  = 122945536                              {pd product} {ergonomic}
    uintx ProfiledCodeHeapSize                     = 122880000                              {pd product} {ergonomic}
    uintx ReservedCodeCacheSize                    = 251658240                              {pd product} {ergonomic}
     bool SegmentedCodeCache                       = true                                      {product} {ergonomic}
   size_t SoftMaxHeapSize                          = 4255121408                             {manageable} {ergonomic}
     bool UseCompressedOops                        = true                           {product lp64_product} {ergonomic}
     bool UseG1GC                                  = true                                      {product} {ergonomic}
     bool UseLargePagesIndividualAllocation        = false                                  {pd product} {ergonomic}

Logging:
Log output configuration:
 #0: stdout all=warning uptime,level,tags foldmultilines=false
 #1: stderr all=off uptime,level,tags foldmultilines=false

Environment Variables:
PATH=C:\Program Files (x86)\VMware\VMware Workstation\bin\;C:\Program Files\Common Files\Oracle\Java\javapath;C:\windows\system32;C:\windows;C:\windows\System32\Wbem;C:\windows\System32\WindowsPowerShell\v1.0\;C:\windows\System32\OpenSSH\;C:\Program Files (x86)\NVIDIA Corporation\PhysX\Common;C:\WINDOWS\system32;C:\WINDOWS;C:\WINDOWS\System32\Wbem;C:\WINDOWS\System32\WindowsPowerShell\v1.0\;C:\WINDOWS\System32\OpenSSH\;C:\Program Files\NVIDIA Corporation\NVIDIA app\NvDLISR;C:\Program Files\Git\cmd;C:\Users\vlsku\AppData\Local\Microsoft\WindowsApps;;C:\Program Files\JetBrains\IntelliJ IDEA 2024.3.3\bin;
USERNAME=vlsku
OS=Windows_NT
PROCESSOR_IDENTIFIER=Intel64 Family 6 Model 158 Stepping 10, GenuineIntel
TMP=C:\Users\vlsku\AppData\Local\Temp
TEMP=C:\Users\vlsku\AppData\Local\Temp




Periodic native trim disabled

---------------  S Y S T E M  ---------------

OS:
 Windows 11 , 64 bit Build 26100 (10.0.26100.3775)
OS uptime: 13 days 4:56 hours

CPU: total 8 (initial active 8) (4 cores per cpu, 2 threads per core) family 6 model 158 stepping 10 microcode 0xde, cx8, cmov, fxsr, ht, mmx, 3dnowpref, sse, sse2, sse3, ssse3, sse4.1, sse4.2, popcnt, lzcnt, tsc, tscinvbit, avx, avx2, aes, erms, clmul, bmi1, bmi2, adx, fma, vzeroupper, clflush, clflushopt, rdtscp, f16c
Processor Information for the first 8 processors :
  Max Mhz: 2400, Current Mhz: 2400, Mhz Limit: 2400

Memory: 4k page, system-wide physical 16225M (3319M free)
TotalPageFile size 46592M (AvailPageFile size 278M)
current process WorkingSet (physical memory assigned to process): 13M, peak: 13M
current process commit charge ("private bytes"): 61M, peak: 315M

vm_info: OpenJDK 64-Bit Server VM (23.0.2+7-58) for windows-amd64 JRE (23.0.2+7-58), built on 2024-11-29T09:34:55Z with MS VC++ 17.6 (VS2022)

END.
